  % Total    % Received % Xferd  Average Speed   Time    Time     Time  Current
                                 Dload  Upload   Total   Spent    Left  Speed
  0     0    0     0    0     0      0      0 --:--:-- --:--:-- --:--:--     0*   Trying 3.20.238.119:80...
* Connected to ec2-3-20-238-119.us-east-2.compute.amazonaws.com (3.20.238.119) port 80 (#0)
> GET / HTTP/1.1
> Host: ec2-3-20-238-119.us-east-2.compute.amazonaws.com
> User-Agent: curl/7.77.0
> Accept: */*
> Cookie: login=eyJ1c2VybmFtZSI6ImF3ZGVvcmlvIn0.Yg_5cA.9cryfRqo2le5EauRb8Y6XvOrTDE
> 
* Mark bundle as not supporting multiuse
< HTTP/1.1 200 OK
< Server: nginx/1.18.0 (Ubuntu)
< Date: Fri, 18 Feb 2022 19:56:53 GMT
< Content-Type: text/html; charset=utf-8
< Content-Length: 765
< Connection: keep-alive
< Vary: Cookie
< 
{ [765 bytes data]
100   765  100   765    0     0  10290      0 --:--:-- --:--:-- --:--:-- 11250
* Connection #0 to host ec2-3-20-238-119.us-east-2.compute.amazonaws.com left intact
